<?xml version="1.0" encoding="UTF-8"?>
<!-- Generated by org.testng.reporters.JUnitReportReporter -->
<testsuite skipped="0" hostname="LAPTOP-1RBDP8UQ" name="mytest.RegistrationForm" tests="1" failures="0" timestamp="2020-07-18T15:52:53 IST" time="25.325" errors="0">
  <testcase name="registration" time="25.325" classname="mytest.RegistrationForm"/>
  <system-out/>
</testsuite> <!-- mytest.RegistrationForm -->
