<?xml version="1.0" encoding="UTF-8"?>
<!-- Generated by org.testng.reporters.JUnitReportReporter -->
<testsuite skipped="0" hostname="LAPTOP-1RBDP8UQ" name="mytest.TestNew" tests="1" failures="0" timestamp="2020-07-18T12:14:55 IST" time="4.488" errors="0">
  <testcase name="searchItem" time="4.488" classname="mytest.TestNew"/>
  <system-out/>
</testsuite> <!-- mytest.TestNew -->
