<?xml version="1.0" encoding="UTF-8"?>
<!-- Generated by org.testng.reporters.JUnitReportReporter -->
<testsuite skipped="0" hostname="LAPTOP-1RBDP8UQ" name="mytest.WebTesting" tests="2" failures="0" timestamp="2020-07-19T15:01:20 IST" time="31.029" errors="0">
  <testcase name="registrationAndLogin" time="26.461" classname="mytest.WebTesting"/>
  <system-out/>
  <testcase name="searchItem" time="4.568" classname="mytest.WebTesting"/>
  <system-out/>
</testsuite> <!-- mytest.WebTesting -->
