<?xml version="1.0" encoding="UTF-8"?>
<!-- Generated by org.testng.reporters.JUnitReportReporter -->
<testsuite skipped="0" hostname="LAPTOP-1RBDP8UQ" name="com.com.mytest.LoginDemo" tests="1" failures="0" timestamp="2020-07-15T17:18:32 IST" time="16.745" errors="0">
  <testcase name="f" time="16.745" classname="com.com.mytest.LoginDemo"/>
  <system-out/>
</testsuite> <!-- com.com.mytest.LoginDemo -->
