<?xml version="1.0" encoding="UTF-8"?>
<!-- Generated by org.testng.reporters.JUnitReportReporter -->
<testsuite skipped="0" hostname="LAPTOP-1RBDP8UQ" name="mytest.NewTest" tests="2" failures="0" timestamp="2020-07-18T18:27:54 IST" time="21.278" errors="0">
  <testcase name="f" time="16.774" classname="mytest.NewTest"/>
  <system-out/>
  <testcase name="searchItem" time="4.504" classname="mytest.NewTest"/>
  <system-out/>
</testsuite> <!-- mytest.NewTest -->
